Build started 2/8/2014 10:12:32 PM.
     1>Project "C:\Users\Nathan De Jong\Desktop\Group Project\TeamProject1\DBMS\Main\Main.vcxproj" on node 2 (Build target(s)).
     1>ClCompile:
         C:\Program Files (x86)\Microsoft Visual Studio 12.0\VC\bin\CL.exe /c /ZI /nologo /W3 /WX- /sdl /Od /Oy- /D _MBCS /Gm /EHsc /RTC1 /MDd /GS /fp:precise /Zc:wchar_t /Zc:forScope /Fo"Debug\\" /Fd"Debug\vc120.pdb" /Gd /TP /analyze- /errorReport:prompt Application.cpp
         Application.cpp
     1>c:\users\nathan de jong\desktop\group project\teamproject1\dbms\dbms\table.h(111): warning C4018: '<' : signed/unsigned mismatch
     1>c:\users\nathan de jong\desktop\group project\teamproject1\dbms\dbms\table.h(122): warning C4018: '<' : signed/unsigned mismatch
     1>c:\users\nathan de jong\desktop\group project\teamproject1\dbms\dbms\table.h(153): warning C4018: '<' : signed/unsigned mismatch
     1>c:\users\nathan de jong\desktop\group project\teamproject1\dbms\dbms\table.h(165): warning C4018: '<' : signed/unsigned mismatch
     1>c:\users\nathan de jong\desktop\group project\teamproject1\dbms\dbms\table.h(180): warning C4018: '<' : signed/unsigned mismatch
     1>c:\users\nathan de jong\desktop\group project\teamproject1\dbms\dbms\table.h(186): warning C4018: '<' : signed/unsigned mismatch
     1>c:\users\nathan de jong\desktop\group project\teamproject1\dbms\dbms\table.h(189): warning C4018: '<' : signed/unsigned mismatch
     1>c:\users\nathan de jong\desktop\group project\teamproject1\dbms\dbms\table.h(201): warning C4018: '>' : signed/unsigned mismatch
     1>c:\users\nathan de jong\desktop\group project\teamproject1\dbms\dbms\engine.h(54): warning C4018: '<' : signed/unsigned mismatch
     1>c:\users\nathan de jong\desktop\group project\teamproject1\dbms\dbms\engine.h(104): warning C4018: '<' : signed/unsigned mismatch
       Link:
         C:\Program Files (x86)\Microsoft Visual Studio 12.0\VC\bin\link.exe /ERRORREPORT:PROMPT /OUT:"C:\Users\Nathan De Jong\Desktop\Group Project\TeamProject1\DBMS\Debug\Main.exe" /INCREMENTAL /NOLOGO kernel32.lib user32.lib gdi32.lib winspool.lib comdlg32.lib advapi32.lib shell32.lib ole32.lib oleaut32.lib uuid.lib odbc32.lib odbccp32.lib /MANIFEST /MANIFESTUAC:"level='asInvoker' uiAccess='false'" /manifest:embed /DEBUG /PDB:"C:\Users\Nathan De Jong\Desktop\Group Project\TeamProject1\DBMS\Debug\Main.pdb" /SUBSYSTEM:CONSOLE /TLBID:1 /DYNAMICBASE /NXCOMPAT /IMPLIB:"C:\Users\Nathan De Jong\Desktop\Group Project\TeamProject1\DBMS\Debug\Main.lib" /MACHINE:X86 Debug\Application.obj
         "C:\Users\Nathan De Jong\Desktop\Group Project\TeamProject1\DBMS\Debug\DBMS.lib"
         Main.vcxproj -> C:\Users\Nathan De Jong\Desktop\Group Project\TeamProject1\DBMS\Debug\Main.exe
     1>Done Building Project "C:\Users\Nathan De Jong\Desktop\Group Project\TeamProject1\DBMS\Main\Main.vcxproj" (Build target(s)).

Build succeeded.

Time Elapsed 00:00:01.20
