Build started 2/9/2014 1:49:02 PM.
     1>Project "C:\Users\Solevi\Documents\TeamProject3\TeamProject1\DBMS\DBMS\DBMS.vcxproj" on node 2 (Build target(s)).
     1>ClCompile:
         C:\Program Files (x86)\Microsoft Visual Studio 12.0\VC\bin\CL.exe /c /ZI /nologo /W3 /WX- /sdl /Od /Oy- /D _MBCS /Gm /EHsc /RTC1 /MDd /GS /fp:precise /Zc:wchar_t /Zc:forScope /Fo"Debug\\" /Fd"Debug\vc120.pdb" /Gd /TP /analyze- /errorReport:prompt EngineProjection.cpp
         EngineProjection.cpp
     1>cl : Command line warning D9028: minimal rebuild failure, reverting to normal build
       Lib:
         C:\Program Files (x86)\Microsoft Visual Studio 12.0\VC\bin\Lib.exe /OUT:"C:\Users\Solevi\Documents\TeamProject3\TeamProject1\DBMS\Debug\DBMS.lib" /NOLOGO Debug\ConditionTree.obj
         Debug\CrossProduct.obj
         Debug\DeleteEngine.obj
         Debug\Engine.obj
         Debug\EngineProjection.obj
         Debug\EngineSelection.obj
         Debug\EngineUpdate.obj
         Debug\NaturalJoin.obj
         Debug\Table.obj
         Debug\TableConditionEval.obj
         DBMS.vcxproj -> C:\Users\Solevi\Documents\TeamProject3\TeamProject1\DBMS\Debug\DBMS.lib
     1>Done Building Project "C:\Users\Solevi\Documents\TeamProject3\TeamProject1\DBMS\DBMS\DBMS.vcxproj" (Build target(s)).

Build succeeded.

Time Elapsed 00:00:01.06
